===========================================================================
         ________    _________   _______       __     _________            
        |        |\ |        |\ |       \\    |  |\  /         \\          
        |    ____|| |    ____|| |    __  ||   |__|| |    ___    ||         
        |   |\___\| |   |\___\| |   |\_| ||    \_\| |   //  \   ||         
        |   ||__    |   ||__    |   ||_| ||   |  |\ |  ||    |  ||         
        |       |\  |       |\  |         \\  |  || |  ||    |  ||         
        |    ___||  |    ___||  |    ___   || |  || |  ||    |  ||         
        |   |\__\|  |   |\__\|  |   |\__|  || |  || |  ||    |  ||         
        |   ||      |   ||___   |   ||__|  || |  || |   \\__/   ||         
        |   ||      |        |\ |          || |  || |           ||         
        |___||      |________|| |_________//  |__||  \_________//          
                                                                           
      F I N I T E   E L E M E N T S   F O R   B I O M E C H A N I C S      
                                                                           
  version 4.11.0
  FEBio is a registered trademark.                                         
  copyright (c) 2006-2026 - All rights reserved                            
                                                                           
===========================================================================





 FILES USED
===========================================================================
	Input file : /Users/nasimpaak/Downloads/jobs/Model1.feb
	Plot file  : /Users/nasimpaak/Downloads/jobs/Model1.xplt
	Log file   : /Users/nasimpaak/Downloads/jobs/Model1.log


 MESH INFO
===========================================================================
	Number of materials ............................ : 1
	Number of domains .............................. : 1
	Number of nodes ................................ : 756
	Number of solid elements ....................... : 500


 MODULE
===========================================================================
	Module type ....................................... : solid


 CONTROL DATA
===========================================================================
	analysis .......................................... : STATIC (0)
	time_steps ........................................ : 10
	step_size ......................................... : 0.1
	plot_zero_state ................................... : no (0)
	plot_range ........................................ : 0,-1
	plot_level ........................................ : PLOT_MAJOR_ITRS (1)
	output_level ...................................... : OUTPUT_MAJOR_ITRS (1)
	plot_stride ....................................... : 1
	output_stride ..................................... : 1
	adaptor_re_solve .................................. : yes (1)
	Auto time stepper activated ....................... : yes
	  max_retries ..................................... : 5
	  opt_iter ........................................ : 11
	  dtmin ........................................... : 0
	  dtmax ........................................... : 0.1
	  aggressiveness .................................. : 0
	  cutback ......................................... : 0.5
	  dtforce ......................................... : no (0)
 SOLVER PARAMETERS
===========================================================================
	symmetric_stiffness ............................... : preferred (3)
	equation_scheme ................................... : staggered (0)
	equation_order .................................... : default (0)
	optimize_bw ....................................... : no (0)
	lstol ............................................. : 0.9
	lsmin ............................................. : 0.01
	lsiter ............................................ : 5
	ls_check_jacobians ................................ : no (0)
	max_refs .......................................... : 15
	check_zero_diagonal ............................... : no (0)
	zero_diagonal_tol ................................. : 0
	force_partition ................................... : 0
	reform_each_time_step ............................. : yes (1)
	reform_augment .................................... : no (0)
	diverge_reform .................................... : yes (1)
	min_residual ...................................... : 1e-20
	max_residual ...................................... : 0
	dtol .............................................. : 0.001
	etol .............................................. : 0.01
	rtol .............................................. : 0
	rhoi .............................................. : -2
	alpha ............................................. : 1
	beta .............................................. : 0.25
	gamma ............................................. : 0.5
	logSolve .......................................... : no (0)
	arc_length ........................................ : 0
	arc_length_scale .................................. : 0






 MATERIAL DATA
===========================================================================
  1 - Material1 (type: Mooney-Rivlin)
	density ........................................... : 1
	k ................................................. : 100
	pressure_model .................................... : default (0)
	c1 ................................................ : 1
	c2 ................................................ : 0


 BOUNDARY CONDITION DATA
===========================================================================
  1 -  Type: zero displacement
	x_dof ............................................. : yes (1)
	y_dof ............................................. : yes (1)
	z_dof ............................................. : yes (1)
---------------------------------------------------------------------------
  2 -  Type: zero displacement
	x_dof ............................................. : no (0)
	y_dof ............................................. : yes (1)
	z_dof ............................................. : yes (1)
---------------------------------------------------------------------------
  3 -  Type: prescribed displacement
	dof ............................................... : 0
	value ............................................. : 1
	relative .......................................... : no (0)


 LOAD CONTROLLER DATA
===========================================================================
load controller   1 - LC1 (type: loadcurve)
	interpolate ....................................... : LINEAR (0)
	extend ............................................ : CONSTANT (0)
	points ............................................ : (can't display value)


 OUTPUT DATA
===========================================================================
 LINEAR SOLVER DATA
===========================================================================
	Default linear solver ............................. : pardiso


 *************************************************************************
 * Selecting linear solver pardiso                                       *
 *************************************************************************

 *************************************************************************
 * Setting matrix format to: symmetric                                   *
 *************************************************************************

===== beginning time step 1 : 0.1 =====


Reforming stiffness matrix: reformation #1

===== reforming stiffness matrix:
	Nr of equations ........................... : 2088
	Nr of nonzeroes in stiffness matrix ....... : 65300
 1
 Nonlinear solution status: time= 0.1
	stiffness updates             = 0
	right hand side evaluations   = 2
	stiffness matrix reformations = 1
	step from line search         = 1.000000
	convergence norms :     INITIAL         CURRENT         REQUIRED
	   residual            1.029008e+02    1.416934e-03    0.000000e+00 
	   energy              5.117642e+00    6.143636e-04    5.117642e-02 
	   displacement        2.301808e+00    2.301808e+00    2.301808e-06 
 2
 Nonlinear solution status: time= 0.1
	stiffness updates             = 1
	right hand side evaluations   = 3
	stiffness matrix reformations = 1
	step from line search         = 1.000000
	convergence norms :     INITIAL         CURRENT         REQUIRED
	   residual            1.029008e+02    8.385645e-07    0.000000e+00 
	   energy              5.117642e+00    2.316070e-06    5.117642e-02 
	   displacement        2.301808e+00    1.046973e-05    2.301251e-06 
 3
 Nonlinear solution status: time= 0.1
	stiffness updates             = 2
	right hand side evaluations   = 4
	stiffness matrix reformations = 1
	step from line search         = 1.000000
	convergence norms :     INITIAL         CURRENT         REQUIRED
	   residual            1.029008e+02    1.132383e-08    0.000000e+00 
	   energy              5.117642e+00    9.100368e-10    5.117642e-02 
	   displacement        2.301808e+00    3.093085e-07    2.301898e-06 

convergence summary
    number of iterations   : 3
    number of reformations : 1

------- converged at time : 0.1


===== beginning time step 2 : 0.2 =====


Reforming stiffness matrix: reformation #1

 1
 Nonlinear solution status: time= 0.2
	stiffness updates             = 0
	right hand side evaluations   = 2
	stiffness matrix reformations = 1
	step from line search         = 1.000000
	convergence norms :     INITIAL         CURRENT         REQUIRED
	   residual            9.726534e+01    1.316055e-03    0.000000e+00 
	   energy              4.978575e+00    6.098081e-04    4.978575e-02 
	   displacement        2.301988e+00    2.301988e+00    2.301988e-06 
 2
 Nonlinear solution status: time= 0.2
	stiffness updates             = 1
	right hand side evaluations   = 3
	stiffness matrix reformations = 1
	step from line search         = 1.000000
	convergence norms :     INITIAL         CURRENT         REQUIRED
	   residual            9.726534e+01    7.452484e-07    0.000000e+00 
	   energy              4.978575e+00    2.058657e-06    4.978575e-02 
	   displacement        2.301988e+00    9.232729e-06    2.301468e-06 
 3
 Nonlinear solution status: time= 0.2
	stiffness updates             = 2
	right hand side evaluations   = 4
	stiffness matrix reformations = 1
	step from line search         = 1.000000
	convergence norms :     INITIAL         CURRENT         REQUIRED
	   residual            9.726534e+01    8.834018e-09    0.000000e+00 
	   energy              4.978575e+00    7.384577e-10    4.978575e-02 
	   displacement        2.301988e+00    2.668912e-07    2.302073e-06 

convergence summary
    number of iterations   : 3
    number of reformations : 1

------- converged at time : 0.2


===== beginning time step 3 : 0.3 =====


Reforming stiffness matrix: reformation #1

 1
 Nonlinear solution status: time= 0.3
	stiffness updates             = 0
	right hand side evaluations   = 2
	stiffness matrix reformations = 1
	step from line search         = 1.000000
	convergence norms :     INITIAL         CURRENT         REQUIRED
	   residual            9.211809e+01    1.224351e-03    0.000000e+00 
	   energy              4.847065e+00    6.021709e-04    4.847065e-02 
	   displacement        2.302143e+00    2.302143e+00    2.302143e-06 
 2
 Nonlinear solution status: time= 0.3
	stiffness updates             = 1
	right hand side evaluations   = 3
	stiffness matrix reformations = 1
	step from line search         = 1.000000
	convergence norms :     INITIAL         CURRENT         REQUIRED
	   residual            9.211809e+01    6.653473e-07    0.000000e+00 
	   energy              4.847065e+00    1.834639e-06    4.847065e-02 
	   displacement        2.302143e+00    8.168210e-06    2.301649e-06 
 3
 Nonlinear solution status: time= 0.3
	stiffness updates             = 2
	right hand side evaluations   = 4
	stiffness matrix reformations = 1
	step from line search         = 1.000000
	convergence norms :     INITIAL         CURRENT         REQUIRED
	   residual            9.211809e+01    6.900613e-09    0.000000e+00 
	   energy              4.847065e+00    6.119905e-10    4.847065e-02 
	   displacement        2.302143e+00    2.300221e-07    2.302213e-06 

convergence summary
    number of iterations   : 3
    number of reformations : 1

------- converged at time : 0.3


===== beginning time step 4 : 0.4 =====


Reforming stiffness matrix: reformation #1

 1
 Nonlinear solution status: time= 0.4
	stiffness updates             = 0
	right hand side evaluations   = 2
	stiffness matrix reformations = 1
	step from line search         = 1.000000
	convergence norms :     INITIAL         CURRENT         REQUIRED
	   residual            8.740494e+01    1.140793e-03    0.000000e+00 
	   energy              4.722535e+00    5.922332e-04    4.722535e-02 
	   displacement        2.302267e+00    2.302267e+00    2.302267e-06 
 2
 Nonlinear solution status: time= 0.4
	stiffness updates             = 1
	right hand side evaluations   = 3
	stiffness matrix reformations = 1
	step from line search         = 1.000000
	convergence norms :     INITIAL         CURRENT         REQUIRED
	   residual            8.740494e+01    5.955616e-07    0.000000e+00 
	   energy              4.722535e+00    1.638306e-06    4.722535e-02 
	   displacement        2.302267e+00    7.246880e-06    2.301796e-06 
 3
 Nonlinear solution status: time= 0.4
	stiffness updates             = 2
	right hand side evaluations   = 4
	stiffness matrix reformations = 1
	step from line search         = 1.000000
	convergence norms :     INITIAL         CURRENT         REQUIRED
	   residual            8.740494e+01    5.400503e-09    0.000000e+00 
	   energy              4.722535e+00    5.089225e-10    4.722535e-02 
	   displacement        2.302267e+00    1.979633e-07    2.302320e-06 

convergence summary
    number of iterations   : 3
    number of reformations : 1

------- converged at time : 0.4


===== beginning time step 5 : 0.5 =====


Reforming stiffness matrix: reformation #1

 1
 Nonlinear solution status: time= 0.5
	stiffness updates             = 0
	right hand side evaluations   = 2
	stiffness matrix reformations = 1
	step from line search         = 1.000000
	convergence norms :     INITIAL         CURRENT         REQUIRED
	   residual            8.307934e+01    1.064504e-03    0.000000e+00 
	   energy              4.604450e+00    5.806226e-04    4.604450e-02 
	   displacement        2.302358e+00    2.302358e+00    2.302358e-06 
 2
 Nonlinear solution status: time= 0.5
	stiffness updates             = 1
	right hand side evaluations   = 3
	stiffness matrix reformations = 1
	step from line search         = 1.000000
	convergence norms :     INITIAL         CURRENT         REQUIRED
	   residual            8.307934e+01    5.343194e-07    0.000000e+00 
	   energy              4.604450e+00    1.465851e-06    4.604450e-02 
	   displacement        2.302358e+00    6.446834e-06    2.301908e-06 
 3
 Nonlinear solution status: time= 0.5
	stiffness updates             = 2
	right hand side evaluations   = 4
	stiffness matrix reformations = 1
	step from line search         = 1.000000
	convergence norms :     INITIAL         CURRENT         REQUIRED
	   residual            8.307934e+01    4.232899e-09    0.000000e+00 
	   energy              4.604450e+00    4.244519e-10    4.604450e-02 
	   displacement        2.302358e+00    1.701274e-07    2.302396e-06 

convergence summary
    number of iterations   : 3
    number of reformations : 1

------- converged at time : 0.5


===== beginning time step 6 : 0.6 =====


Reforming stiffness matrix: reformation #1

 1
 Nonlinear solution status: time= 0.6
	stiffness updates             = 0
	right hand side evaluations   = 2
	stiffness matrix reformations = 1
	step from line search         = 1.000000
	convergence norms :     INITIAL         CURRENT         REQUIRED
	   residual            7.910067e+01    9.947217e-04    0.000000e+00 
	   energy              4.492324e+00    5.678265e-04    4.492324e-02 
	   displacement        2.302418e+00    2.302418e+00    2.302418e-06 
 2
 Nonlinear solution status: time= 0.6
	stiffness updates             = 1
	right hand side evaluations   = 3
	stiffness matrix reformations = 1
	step from line search         = 1.000000
	convergence norms :     INITIAL         CURRENT         REQUIRED
	   residual            7.910067e+01    4.803646e-07    0.000000e+00 
	   energy              4.492324e+00    1.314047e-06    4.492324e-02 
	   displacement        2.302418e+00    5.749907e-06    2.301988e-06 
 3
 Nonlinear solution status: time= 0.6
	stiffness updates             = 2
	right hand side evaluations   = 4
	stiffness matrix reformations = 1
	step from line search         = 1.000000
	convergence norms :     INITIAL         CURRENT         REQUIRED
	   residual            7.910067e+01    3.321758e-09    0.000000e+00 
	   energy              4.492324e+00    3.548760e-10    4.492324e-02 
	   displacement        2.302418e+00    1.459955e-07    2.302441e-06 

convergence summary
    number of iterations   : 3
    number of reformations : 1

------- converged at time : 0.6


===== beginning time step 7 : 0.7 =====


Reforming stiffness matrix: reformation #1

 1
 Nonlinear solution status: time= 0.7
	stiffness updates             = 0
	right hand side evaluations   = 2
	stiffness matrix reformations = 1
	step from line search         = 1.000000
	convergence norms :     INITIAL         CURRENT         REQUIRED
	   residual            7.543339e+01    9.307774e-04    0.000000e+00 
	   energy              4.385716e+00    5.542221e-04    4.385716e-02 
	   displacement        2.302449e+00    2.302449e+00    2.302449e-06 
 2
 Nonlinear solution status: time= 0.7
	stiffness updates             = 1
	right hand side evaluations   = 3
	stiffness matrix reformations = 1
	step from line search         = 1.000000
	convergence norms :     INITIAL         CURRENT         REQUIRED
	   residual            7.543339e+01    4.326752e-07    0.000000e+00 
	   energy              4.385716e+00    1.180150e-06    4.385716e-02 
	   displacement        2.302449e+00    5.140972e-06    2.302037e-06 
 3
 Nonlinear solution status: time= 0.7
	stiffness updates             = 2
	right hand side evaluations   = 4
	stiffness matrix reformations = 1
	step from line search         = 1.000000
	convergence norms :     INITIAL         CURRENT         REQUIRED
	   residual            7.543339e+01    2.609297e-09    0.000000e+00 
	   energy              4.385716e+00    2.973110e-10    4.385716e-02 
	   displacement        2.302449e+00    1.251099e-07    2.302457e-06 

convergence summary
    number of iterations   : 3
    number of reformations : 1

------- converged at time : 0.7


===== beginning time step 8 : 0.8 =====


Reforming stiffness matrix: reformation #1

 1
 Nonlinear solution status: time= 0.8
	stiffness updates             = 0
	right hand side evaluations   = 2
	stiffness matrix reformations = 1
	step from line search         = 1.000000
	convergence norms :     INITIAL         CURRENT         REQUIRED
	   residual            7.204632e+01    8.720842e-04    0.000000e+00 
	   energy              4.284226e+00    5.401010e-04    4.284226e-02 
	   displacement        2.302451e+00    2.302451e+00    2.302451e-06 
 2
 Nonlinear solution status: time= 0.8
	stiffness updates             = 1
	right hand side evaluations   = 3
	stiffness matrix reformations = 1
	step from line search         = 1.000000
	convergence norms :     INITIAL         CURRENT         REQUIRED
	   residual            7.204632e+01    3.904067e-07    0.000000e+00 
	   energy              4.284226e+00    1.061817e-06    4.284226e-02 
	   displacement        2.302451e+00    4.607374e-06    2.302057e-06 
 3
 Nonlinear solution status: time= 0.8
	stiffness updates             = 2
	right hand side evaluations   = 4
	stiffness matrix reformations = 1
	step from line search         = 1.000000
	convergence norms :     INITIAL         CURRENT         REQUIRED
	   residual            7.204632e+01    2.051303e-09    0.000000e+00 
	   energy              4.284226e+00    2.494943e-10    4.284226e-02 
	   displacement        2.302451e+00    1.070665e-07    2.302446e-06 

convergence summary
    number of iterations   : 3
    number of reformations : 1

------- converged at time : 0.8


===== beginning time step 9 : 0.9 =====


Reforming stiffness matrix: reformation #1

 1
 Nonlinear solution status: time= 0.9
	stiffness updates             = 0
	right hand side evaluations   = 2
	stiffness matrix reformations = 1
	step from line search         = 1.000000
	convergence norms :     INITIAL         CURRENT         REQUIRED
	   residual            6.891202e+01    8.181243e-04    0.000000e+00 
	   energy              4.187489e+00    5.256877e-04    4.187489e-02 
	   displacement        2.302427e+00    2.302427e+00    2.302427e-06 
 2
 Nonlinear solution status: time= 0.9
	stiffness updates             = 1
	right hand side evaluations   = 3
	stiffness matrix reformations = 1
	step from line search         = 1.000000
	convergence norms :     INITIAL         CURRENT         REQUIRED
	   residual            6.891202e+01    3.528526e-07    0.000000e+00 
	   energy              4.187489e+00    9.570413e-07    4.187489e-02 
	   displacement        2.302427e+00    4.138493e-06    2.302051e-06 
 3
 Nonlinear solution status: time= 0.9
	stiffness updates             = 2
	right hand side evaluations   = 4
	stiffness matrix reformations = 1
	step from line search         = 1.000000
	convergence norms :     INITIAL         CURRENT         REQUIRED
	   residual            6.891202e+01    1.613747e-09    0.000000e+00 
	   energy              4.187489e+00    2.096377e-10    4.187489e-02 
	   displacement        2.302427e+00    9.150740e-08    2.302411e-06 

convergence summary
    number of iterations   : 3
    number of reformations : 1

------- converged at time : 0.9


===== beginning time step 10 : 1 =====


Reforming stiffness matrix: reformation #1

 1
 Nonlinear solution status: time= 1
	stiffness updates             = 0
	right hand side evaluations   = 2
	stiffness matrix reformations = 1
	step from line search         = 1.000000
	convergence norms :     INITIAL         CURRENT         REQUIRED
	   residual            6.600630e+01    7.684395e-04    0.000000e+00 
	   energy              4.095174e+00    5.111548e-04    4.095174e-02 
	   displacement        2.302380e+00    2.302380e+00    2.302380e-06 
 2
 Nonlinear solution status: time= 1
	stiffness updates             = 1
	right hand side evaluations   = 3
	stiffness matrix reformations = 1
	step from line search         = 1.000000
	convergence norms :     INITIAL         CURRENT         REQUIRED
	   residual            6.600630e+01    3.194158e-07    0.000000e+00 
	   energy              4.095174e+00    8.640981e-07    4.095174e-02 
	   displacement        2.302380e+00    3.725379e-06    2.302020e-06 
 3
 Nonlinear solution status: time= 1
	stiffness updates             = 2
	right hand side evaluations   = 4
	stiffness matrix reformations = 1
	step from line search         = 1.000000
	convergence norms :     INITIAL         CURRENT         REQUIRED
	   residual            6.600630e+01    1.270311e-09    0.000000e+00 
	   energy              4.095174e+00    1.763185e-10    4.095174e-02 
	   displacement        2.302380e+00    7.811600e-08    2.302353e-06 

convergence summary
    number of iterations   : 3
    number of reformations : 1

------- converged at time : 1



 N O N L I N E A R   I T E R A T I O N   I N F O R M A T I O N

	Number of time steps completed .................... : 10

	Total number of equilibrium iterations ............ : 30

	Average number of equilibrium iterations .......... : 3

	Total number of right hand evaluations ............ : 40

	Total number of stiffness reformations ............ : 10


 L I N E A R   S O L V E R   S T A T S

	Total calls to linear solver ........ : 30

	Avg iterations per solve ............ : 1

	Time in linear solver: 0:00:00


 Elapsed time : 0:00:00

 T I M I N G   I N F O R M A T I O N

	Input time ...................... : 0:00:00 (0.0249437 sec)

	Initialization time ............. : 0:00:00 (0.00519429 sec)

	Solve time ...................... : 0:00:00 (0.360053 sec)

	   IO-time (plot, dmp, data) .... : 0:00:00 (0.0106697 sec)

	   reforming stiffness .......... : 0:00:00 (0.00692087 sec)

	   evaluating stiffness ......... : 0:00:00 (0.0301846 sec)

	   evaluating residual .......... : 0:00:00 (0.0156568 sec)

	   model update ................. : 0:00:00 (0.0298458 sec)

	   QN updates ................... : 0:00:00 (0.000356958 sec)

	   time in linear solver ........ : 0:00:00 (0.244849 sec)

	Total elapsed time .............. : 0:00:00 (0.392058 sec)


 N O R M A L   T E R M I N A T I O N

